<?xml version="1.0" encoding="UTF-8"?>
<testsuite xmlns:xsi="http://www.w3.org/2001/XMLSchema-instance" xsi:noNamespaceSchemaLocation="https://maven.apache.org/surefire/maven-surefire-plugin/xsd/surefire-test-report.xsd" version="3.0.1" name="ru.gb.root.AppTest" time="0.186" tests="1" errors="0" skipped="0" failures="0">
  <properties>
    <property name="java.specification.version" value="22"/>
    <property name="sun.cpu.isalist" value="amd64"/>
    <property name="sun.jnu.encoding" value="Cp1251"/>
    <property name="java.class.path" value="C:\Users\XE\maven-test\target\test-classes;C:\Users\XE\maven-test\target\classes;C:\Users\XE\.m2\repository\org\junit\jupiter\junit-jupiter-api\5.11.0\junit-jupiter-api-5.11.0.jar;C:\Users\XE\.m2\repository\org\opentest4j\opentest4j\1.3.0\opentest4j-1.3.0.jar;C:\Users\XE\.m2\repository\org\junit\platform\junit-platform-commons\1.11.0\junit-platform-commons-1.11.0.jar;C:\Users\XE\.m2\repository\org\apiguardian\apiguardian-api\1.1.2\apiguardian-api-1.1.2.jar;C:\Users\XE\.m2\repository\org\junit\jupiter\junit-jupiter-params\5.11.0\junit-jupiter-params-5.11.0.jar;C:\Users\XE\.m2\repository\org\apache\maven\plugins\maven-jar-plugin\3.3.0\maven-jar-plugin-3.3.0.jar;C:\Users\XE\.m2\repository\org\apache\maven\shared\file-management\3.1.0\file-management-3.1.0.jar;C:\Users\XE\.m2\repository\org\slf4j\slf4j-api\1.7.36\slf4j-api-1.7.36.jar;C:\Users\XE\.m2\repository\commons-io\commons-io\2.11.0\commons-io-2.11.0.jar;C:\Users\XE\.m2\repository\org\apache\maven\maven-archiver\3.6.0\maven-archiver-3.6.0.jar;C:\Users\XE\.m2\repository\org\codehaus\plexus\plexus-io\3.4.0\plexus-io-3.4.0.jar;C:\Users\XE\.m2\repository\javax\inject\javax.inject\1\javax.inject-1.jar;C:\Users\XE\.m2\repository\org\codehaus\plexus\plexus-archiver\4.4.0\plexus-archiver-4.4.0.jar;C:\Users\XE\.m2\repository\org\apache\commons\commons-compress\1.21\commons-compress-1.21.jar;C:\Users\XE\.m2\repository\org\iq80\snappy\snappy\0.4\snappy-0.4.jar;C:\Users\XE\.m2\repository\org\tukaani\xz\1.9\xz-1.9.jar;C:\Users\XE\.m2\repository\org\codehaus\plexus\plexus-interpolation\1.26\plexus-interpolation-1.26.jar;C:\Users\XE\.m2\repository\org\codehaus\plexus\plexus-utils\3.4.2\plexus-utils-3.4.2.jar;"/>
    <property name="java.vm.vendor" value="Oracle Corporation"/>
    <property name="sun.arch.data.model" value="64"/>
    <property name="user.variant" value=""/>
    <property name="java.vendor.url" value="https://java.oracle.com/"/>
    <property name="user.timezone" value="Europe/Moscow"/>
    <property name="os.name" value="Windows 10"/>
    <property name="java.vm.specification.version" value="22"/>
    <property name="sun.java.launcher" value="SUN_STANDARD"/>
    <property name="user.country" value="RU"/>
    <property name="sun.boot.library.path" value="C:\Program Files\Java\jdk-22\bin"/>
    <property name="sun.java.command" value="C:\Users\XE\AppData\Local\Temp\surefire9282188070164939252\surefirebooter-20240917013548604_3.jar C:\Users\XE\AppData\Local\Temp\surefire9282188070164939252 2024-09-17T01-35-47_672-jvmRun1 surefire-20240917013548604_1tmp surefire_0-20240917013548604_2tmp"/>
    <property name="jdk.debug" value="release"/>
    <property name="surefire.test.class.path" value="C:\Users\XE\maven-test\target\test-classes;C:\Users\XE\maven-test\target\classes;C:\Users\XE\.m2\repository\org\junit\jupiter\junit-jupiter-api\5.11.0\junit-jupiter-api-5.11.0.jar;C:\Users\XE\.m2\repository\org\opentest4j\opentest4j\1.3.0\opentest4j-1.3.0.jar;C:\Users\XE\.m2\repository\org\junit\platform\junit-platform-commons\1.11.0\junit-platform-commons-1.11.0.jar;C:\Users\XE\.m2\repository\org\apiguardian\apiguardian-api\1.1.2\apiguardian-api-1.1.2.jar;C:\Users\XE\.m2\repository\org\junit\jupiter\junit-jupiter-params\5.11.0\junit-jupiter-params-5.11.0.jar;C:\Users\XE\.m2\repository\org\apache\maven\plugins\maven-jar-plugin\3.3.0\maven-jar-plugin-3.3.0.jar;C:\Users\XE\.m2\repository\org\apache\maven\shared\file-management\3.1.0\file-management-3.1.0.jar;C:\Users\XE\.m2\repository\org\slf4j\slf4j-api\1.7.36\slf4j-api-1.7.36.jar;C:\Users\XE\.m2\repository\commons-io\commons-io\2.11.0\commons-io-2.11.0.jar;C:\Users\XE\.m2\repository\org\apache\maven\maven-archiver\3.6.0\maven-archiver-3.6.0.jar;C:\Users\XE\.m2\repository\org\codehaus\plexus\plexus-io\3.4.0\plexus-io-3.4.0.jar;C:\Users\XE\.m2\repository\javax\inject\javax.inject\1\javax.inject-1.jar;C:\Users\XE\.m2\repository\org\codehaus\plexus\plexus-archiver\4.4.0\plexus-archiver-4.4.0.jar;C:\Users\XE\.m2\repository\org\apache\commons\commons-compress\1.21\commons-compress-1.21.jar;C:\Users\XE\.m2\repository\org\iq80\snappy\snappy\0.4\snappy-0.4.jar;C:\Users\XE\.m2\repository\org\tukaani\xz\1.9\xz-1.9.jar;C:\Users\XE\.m2\repository\org\codehaus\plexus\plexus-interpolation\1.26\plexus-interpolation-1.26.jar;C:\Users\XE\.m2\repository\org\codehaus\plexus\plexus-utils\3.4.2\plexus-utils-3.4.2.jar;"/>
    <property name="sun.cpu.endian" value="little"/>
    <property name="user.home" value="C:\Users\XE"/>
    <property name="user.language" value="ru"/>
    <property name="java.specification.vendor" value="Oracle Corporation"/>
    <property name="java.version.date" value="2024-04-16"/>
    <property name="java.home" value="C:\Program Files\Java\jdk-22"/>
    <property name="file.separator" value="\"/>
    <property name="basedir" value="C:\Users\XE\maven-test"/>
    <property name="java.vm.compressedOopsMode" value="32-bit"/>
    <property name="line.separator" value="&#10;"/>
    <property name="java.vm.specification.vendor" value="Oracle Corporation"/>
    <property name="java.specification.name" value="Java Platform API Specification"/>
    <property name="surefire.real.class.path" value="C:\Users\XE\AppData\Local\Temp\surefire9282188070164939252\surefirebooter-20240917013548604_3.jar"/>
    <property name="user.script" value=""/>
    <property name="sun.management.compiler" value="HotSpot 64-Bit Tiered Compilers"/>
    <property name="java.runtime.version" value="22.0.1+8-16"/>
    <property name="user.name" value="XE"/>
    <property name="stdout.encoding" value="Cp1251"/>
    <property name="path.separator" value=";"/>
    <property name="os.version" value="10.0"/>
    <property name="java.runtime.name" value="Java(TM) SE Runtime Environment"/>
    <property name="file.encoding" value="UTF-8"/>
    <property name="java.vm.name" value="Java HotSpot(TM) 64-Bit Server VM"/>
    <property name="localRepository" value="C:\Users\XE\.m2\repository"/>
    <property name="java.vendor.url.bug" value="https://bugreport.java.com/bugreport/"/>
    <property name="java.io.tmpdir" value="C:\Users\XE\AppData\Local\Temp\"/>
    <property name="java.version" value="22.0.1"/>
    <property name="user.dir" value="C:\Users\XE\maven-test"/>
    <property name="os.arch" value="amd64"/>
    <property name="java.vm.specification.name" value="Java Virtual Machine Specification"/>
    <property name="sun.os.patch.level" value=""/>
    <property name="native.encoding" value="Cp1251"/>
    <property name="java.library.path" value="C:\Program Files\Java\jdk-22\bin;C:\Windows\Sun\Java\bin;C:\Windows\system32;C:\Windows;C:\Program Files\Common Files\Oracle\Java\javapath;C:\Windows\system32;C:\Windows;C:\Windows\System32\Wbem;C:\Windows\System32\WindowsPowerShell\v1.0\;C:\Windows\System32\OpenSSH\;C:\Program Files\Git\cmd;C:\Program Files\maven\bin;C:\Gradle\gradle-8.9-bin\gradle-8.9\bin;;C:\Program Files\Docker\Docker\resources\bin;C:\Program Files\maven\bin;C:\Users\XE\AppData\Local\Programs\Microsoft VS Code\bin;C:\Users\XE\yandex-cloud\bin;C:\Program Files\Java\jdk-22\bin;C:\Gradle\gradle-8.9-bin\gradle-8.9\bin;;C:\Users\XE\AppData\Local\JetBrains\IntelliJ IDEA Community Edition 2024.1.4\bin;;."/>
    <property name="java.vm.info" value="mixed mode, sharing"/>
    <property name="stderr.encoding" value="Cp1251"/>
    <property name="java.vendor" value="Oracle Corporation"/>
    <property name="java.vm.version" value="22.0.1+8-16"/>
    <property name="sun.io.unicode.encoding" value="UnicodeLittle"/>
    <property name="java.class.version" value="66.0"/>
  </properties>
  <testcase name="shouldAnswerWithTrue" classname="ru.gb.root.AppTest" time="0.069"/>
</testsuite>